  epoch    kl       lr    tr_loss    tr_acc    te_loss    te_acc    sp_0    sp_1    sp_2    time
-------  ----  -------  ---------  --------  ---------  --------  ------  ------  ------  ------
      1  0.03  5.0e-04   1.38e+02      84.9   7.37e+01      92.1   0.224   0.064   0.037   13.00
      2  0.06  4.7e-04   8.07e+01      93.1   6.70e+01      94.5   0.450   0.091   0.042   12.60
      3  0.09  4.5e-04   7.19e+01      94.9   6.22e+01      95.7   0.589   0.138   0.029   12.57
      4  0.12  4.3e-04   6.62e+01      95.9   6.04e+01      96.1   0.684   0.222   0.033   12.45
      5  0.15  4.1e-04   6.22e+01      96.4   5.89e+01      96.5   0.744   0.307   0.042   12.45
      6  0.18  3.9e-04   5.91e+01      96.8   5.61e+01      96.9   0.787   0.389   0.048   12.46
      7  0.21  3.7e-04   5.66e+01      97.1   5.40e+01      97.0   0.818   0.460   0.049   12.46
      8  0.24  3.5e-04   5.45e+01      97.3   5.28e+01      97.2   0.843   0.521   0.056   12.47
      9  0.27  3.3e-04   5.26e+01      97.4   5.19e+01      97.3   0.869   0.581   0.062   12.47
     10  0.30  3.2e-04   5.08e+01      97.6   5.10e+01      97.3   0.884   0.619   0.067   12.47
     11  0.33  3.0e-04   4.95e+01      97.6   4.97e+01      97.4   0.902   0.661   0.088   12.43
     12  0.36  2.8e-04   4.82e+01      97.7   4.89e+01      97.5   0.913   0.696   0.092   12.46
     13  0.39  2.7e-04   4.72e+01      97.8   4.76e+01      97.6   0.918   0.722   0.109   12.46
     14  0.42  2.6e-04   4.67e+01      97.8   4.73e+01      97.6   0.926   0.748   0.116   12.43
     15  0.45  2.4e-04   4.59e+01      97.8   4.64e+01      97.6   0.932   0.771   0.127   12.45
     16  0.48  2.3e-04   4.53e+01      97.9   4.60e+01      97.7   0.937   0.786   0.137   12.45
     17  0.51  2.2e-04   4.51e+01      97.9   4.65e+01      97.5   0.943   0.804   0.152   12.45
     18  0.54  2.1e-04   4.49e+01      97.9   4.58e+01      97.6   0.946   0.817   0.164   12.43
     19  0.57  2.0e-04   4.47e+01      97.8   4.58e+01      97.7   0.949   0.828   0.180   12.47
     20  0.60  1.9e-04   4.42e+01      98.0   4.53e+01      97.7   0.952   0.838   0.199   12.45
     21  0.63  1.8e-04   4.46e+01      97.9   4.57e+01      97.7   0.954   0.846   0.204   12.56
     22  0.66  1.7e-04   4.46e+01      97.9   4.58e+01      97.6   0.957   0.854   0.217   12.98
     23  0.69  1.6e-04   4.45e+01      97.9   4.59e+01      97.7   0.958   0.859   0.227   12.39
     24  0.72  1.5e-04   4.46e+01      97.9   4.59e+01      97.7   0.960   0.865   0.230   12.41
     25  0.75  1.5e-04   4.48e+01      97.9   4.59e+01      97.7   0.961   0.871   0.238   12.41
     26  0.78  1.4e-04   4.50e+01      98.0   4.61e+01      97.7   0.963   0.874   0.244   12.41
     27  0.81  1.3e-04   4.52e+01      97.9   4.65e+01      97.7   0.964   0.879   0.248   12.38
     28  0.84  1.3e-04   4.53e+01      98.0   4.66e+01      97.7   0.966   0.882   0.258   12.40
     29  0.87  1.2e-04   4.58e+01      97.9   4.68e+01      97.7   0.966   0.886   0.269   12.38
     30  0.90  1.1e-04   4.61e+01      98.0   4.71e+01      97.7   0.967   0.888   0.269   12.39
     31  0.93  1.1e-04   4.63e+01      97.9   4.76e+01      97.7   0.968   0.891   0.273   12.40
     32  0.96  1.0e-04   4.66e+01      97.9   4.78e+01      97.7   0.969   0.894   0.279   12.40
     33  0.99  9.7e-05   4.69e+01      98.0   4.80e+01      97.8   0.970   0.895   0.285   12.39
     34     1  9.2e-05   4.67e+01      97.9   4.78e+01      97.8   0.970   0.897   0.288   12.41
     35     1  8.7e-05   4.62e+01      97.9   4.75e+01      97.8   0.970   0.898   0.293   12.49
     36     1  8.3e-05   4.57e+01      97.9   4.65e+01      97.7   0.971   0.900   0.294   12.42
     37     1  7.9e-05   4.52e+01      98.0   4.62e+01      97.7   0.971   0.901   0.299   12.42
     38     1  7.5e-05   4.50e+01      97.9   4.62e+01      97.8   0.971   0.903   0.300   13.32
     39     1  7.1e-05   4.46e+01      97.9   4.57e+01      97.8   0.971   0.904   0.302   14.94
     40     1  6.8e-05   4.43e+01      97.9   4.53e+01      97.7   0.971   0.904   0.306   14.96
     41     1  6.4e-05   4.38e+01      97.9   4.48e+01      97.7   0.972   0.905   0.307   13.01
     42     1  6.1e-05   4.36e+01      97.9   4.46e+01      97.8   0.972   0.906   0.311   12.36
     43     1  5.8e-05   4.33e+01      98.0   4.44e+01      97.8   0.972   0.906   0.311   12.40
     44     1  5.5e-05   4.31e+01      97.9   4.41e+01      97.8   0.972   0.907   0.316   12.38
     45     1  5.2e-05   4.27e+01      97.9   4.39e+01      97.8   0.972   0.907   0.315   13.00
     46     1  5.0e-05   4.25e+01      97.9   4.41e+01      97.8   0.972   0.908   0.318   12.62
     47     1  4.7e-05   4.25e+01      97.9   4.33e+01      97.8   0.972   0.909   0.317   12.59
     48     1  4.5e-05   4.21e+01      97.9   4.32e+01      97.7   0.972   0.909   0.318   12.47
     49     1  4.3e-05   4.20e+01      97.9   4.29e+01      97.8   0.972   0.910   0.321   12.39
     50     1  4.0e-05   4.18e+01      97.9   4.29e+01      97.7   0.972   0.910   0.320   12.44
     51     1  3.8e-05   4.18e+01      97.9   4.27e+01      97.8   0.972   0.910   0.322   12.40
     52     1  3.7e-05   4.15e+01      97.9   4.24e+01      97.8   0.972   0.911   0.321   12.39
     53     1  3.5e-05   4.12e+01      97.9   4.27e+01      97.8   0.972   0.912   0.323   12.40
     54     1  3.3e-05   4.15e+01      97.8   4.22e+01      97.8   0.972   0.911   0.325   12.40
     55     1  3.1e-05   4.12e+01      97.9   4.24e+01      97.8   0.973   0.912   0.324   12.39
     56     1  3.0e-05   4.08e+01      97.9   4.19e+01      97.7   0.973   0.912   0.325   12.62
     57     1  2.8e-05   4.07e+01      98.0   4.20e+01      97.8   0.973   0.913   0.329   12.43
     58     1  2.7e-05   4.07e+01      97.9   4.22e+01      97.7   0.973   0.913   0.332   12.46
     59     1  2.6e-05   4.06e+01      98.0   4.20e+01      97.8   0.973   0.913   0.332   12.61
     60     1  2.4e-05   4.04e+01      98.0   4.18e+01      97.7   0.973   0.913   0.332   12.41
     61     1  2.3e-05   4.05e+01      97.9   4.18e+01      97.7   0.973   0.913   0.331   12.39
     62     1  2.2e-05   4.04e+01      97.9   4.20e+01      97.7   0.973   0.914   0.333   12.41
     63     1  2.1e-05   4.02e+01      98.0   4.14e+01      97.7   0.973   0.914   0.333   12.41
     64     1  2.0e-05   4.01e+01      98.0   4.18e+01      97.7   0.973   0.914   0.333   12.43
     65     1  1.9e-05   4.02e+01      98.0   4.13e+01      97.7   0.973   0.914   0.336   12.40
     66     1  1.8e-05   4.01e+01      97.9   4.16e+01      97.7   0.973   0.914   0.336   12.41
     67     1  1.7e-05   4.01e+01      97.9   4.11e+01      97.8   0.973   0.914   0.336   12.43
     68     1  1.6e-05   4.00e+01      97.9   4.11e+01      97.7   0.973   0.915   0.337   12.45
     69     1  1.5e-05   4.01e+01      98.0   4.12e+01      97.7   0.973   0.915   0.337   12.42
     70     1  1.5e-05   3.98e+01      98.0   4.10e+01      97.7   0.973   0.915   0.337   12.41
     71     1  1.4e-05   3.99e+01      98.0   4.10e+01      97.8   0.973   0.915   0.337   12.39
     72     1  1.3e-05   3.99e+01      97.9   4.08e+01      97.7   0.973   0.915   0.338   12.41
     73     1  1.2e-05   4.00e+01      97.9   4.12e+01      97.8   0.973   0.915   0.338   12.40
     74     1  1.2e-05   3.97e+01      98.0   4.09e+01      97.7   0.973   0.915   0.340   12.68
     75     1  1.1e-05   3.97e+01      97.9   4.07e+01      97.7   0.973   0.915   0.340   12.50
     76     1  1.1e-05   3.96e+01      98.0   4.09e+01      97.8   0.973   0.915   0.340   12.43
     77     1  1.0e-05   3.95e+01      98.0   4.08e+01      97.7   0.973   0.916   0.341   12.46
     78     1  9.6e-06   3.95e+01      98.0   4.09e+01      97.7   0.973   0.916   0.342   12.46
     79     1  9.1e-06   3.96e+01      97.9   4.08e+01      97.7   0.973   0.916   0.342   12.72
     80     1  8.7e-06   3.97e+01      97.9   4.08e+01      97.7   0.973   0.916   0.343   12.68
     81     1  8.3e-06   3.96e+01      97.9   4.06e+01      97.8   0.973   0.916   0.343   13.09
     82     1  7.8e-06   3.97e+01      97.9   4.07e+01      97.8   0.973   0.916   0.343   12.56
     83     1  7.5e-06   3.95e+01      97.9   4.08e+01      97.8   0.973   0.916   0.342   12.77
     84     1  7.1e-06   3.95e+01      98.0   4.06e+01      97.8   0.973   0.916   0.342   12.50
     85     1  6.7e-06   3.93e+01      98.0   4.05e+01      97.8   0.973   0.916   0.343   13.06
     86     1  6.4e-06   3.93e+01      98.0   4.06e+01      97.8   0.973   0.916   0.343   12.82
     87     1  6.1e-06   3.93e+01      97.9   4.07e+01      97.7   0.973   0.916   0.344   12.63
     88     1  5.8e-06   3.94e+01      97.9   4.04e+01      97.7   0.973   0.916   0.344   12.40
     89     1  5.5e-06   3.95e+01      98.0   4.07e+01      97.7   0.973   0.916   0.344   12.39
     90     1  5.2e-06   3.94e+01      97.9   4.04e+01      97.7   0.973   0.916   0.344   12.38
     91     1  4.9e-06   3.94e+01      98.0   4.09e+01      97.7   0.973   0.916   0.344   12.94
     92     1  4.7e-06   3.93e+01      97.9   4.06e+01      97.7   0.973   0.916   0.344   12.97
     93     1  4.5e-06   3.93e+01      98.0   4.06e+01      97.7   0.973   0.916   0.344   12.63
     94     1  4.2e-06   3.91e+01      98.0   4.07e+01      97.7   0.973   0.916   0.344   13.10
     95     1  4.0e-06   3.94e+01      97.9   4.06e+01      97.8   0.973   0.916   0.344   12.82
     96     1  3.8e-06   3.91e+01      98.0   4.02e+01      97.8   0.973   0.916   0.344   12.86
     97     1  3.6e-06   3.91e+01      98.0   4.05e+01      97.8   0.973   0.916   0.344   12.73
     98     1  3.5e-06   3.92e+01      98.0   4.07e+01      97.8   0.973   0.916   0.346   12.90
     99     1  3.3e-06   3.94e+01      98.0   4.04e+01      97.7   0.973   0.916   0.345   12.83
    100     1  3.1e-06   3.93e+01      98.0   4.04e+01      97.8   0.973   0.917   0.346   12.77
